Copyright 1986-2018 Xilinx, Inc. All Rights Reserved.
--------------------------------------------------------------------------------------------------------------------------------------------------------
| Tool Version : Vivado v.2018.2 (win64) Build 2258646 Thu Jun 14 20:03:12 MDT 2018
| Date         : Tue Jul 29 01:28:27 2025
| Host         : LAPTOP-FP6G0LSN running 64-bit major release  (build 9200)
| Command      : report_methodology -file master_methodology_drc_routed.rpt -pb master_methodology_drc_routed.pb -rpx master_methodology_drc_routed.rpx
| Design       : master
| Device       : xc7a200tffg1156-3
| Speed File   : -3
| Design State : Routed
--------------------------------------------------------------------------------------------------------------------------------------------------------

Report Methodology

Table of Contents
-----------------
1. REPORT SUMMARY
2. REPORT DETAILS

1. REPORT SUMMARY
-----------------
            Netlist: netlist
          Floorplan: design_1
      Design limits: <entire design considered>
             Max violations: <unlimited>
             Violations found: 217
+-----------+----------+-------------------------------+------------+
| Rule      | Severity | Description                   | Violations |
+-----------+----------+-------------------------------+------------+
| TIMING-18 | Warning  | Missing input or output delay | 215        |
| TIMING-20 | Warning  | Non-clocked latch             | 2          |
+-----------+----------+-------------------------------+------------+

2. REPORT DETAILS
-----------------
TIMING-18#1 Warning
Missing input or output delay  
An input delay is missing on AADDR[0] relative to clock(s) sys_clk_pin
Related violations: <none>

TIMING-18#2 Warning
Missing input or output delay  
An input delay is missing on AADDR[10] relative to clock(s) sys_clk_pin
Related violations: <none>

TIMING-18#3 Warning
Missing input or output delay  
An input delay is missing on AADDR[11] relative to clock(s) sys_clk_pin
Related violations: <none>

TIMING-18#4 Warning
Missing input or output delay  
An input delay is missing on AADDR[12] relative to clock(s) sys_clk_pin
Related violations: <none>

TIMING-18#5 Warning
Missing input or output delay  
An input delay is missing on AADDR[13] relative to clock(s) sys_clk_pin
Related violations: <none>

TIMING-18#6 Warning
Missing input or output delay  
An input delay is missing on AADDR[14] relative to clock(s) sys_clk_pin
Related violations: <none>

TIMING-18#7 Warning
Missing input or output delay  
An input delay is missing on AADDR[15] relative to clock(s) sys_clk_pin
Related violations: <none>

TIMING-18#8 Warning
Missing input or output delay  
An input delay is missing on AADDR[16] relative to clock(s) sys_clk_pin
Related violations: <none>

TIMING-18#9 Warning
Missing input or output delay  
An input delay is missing on AADDR[17] relative to clock(s) sys_clk_pin
Related violations: <none>

TIMING-18#10 Warning
Missing input or output delay  
An input delay is missing on AADDR[18] relative to clock(s) sys_clk_pin
Related violations: <none>

TIMING-18#11 Warning
Missing input or output delay  
An input delay is missing on AADDR[19] relative to clock(s) sys_clk_pin
Related violations: <none>

TIMING-18#12 Warning
Missing input or output delay  
An input delay is missing on AADDR[1] relative to clock(s) sys_clk_pin
Related violations: <none>

TIMING-18#13 Warning
Missing input or output delay  
An input delay is missing on AADDR[20] relative to clock(s) sys_clk_pin
Related violations: <none>

TIMING-18#14 Warning
Missing input or output delay  
An input delay is missing on AADDR[21] relative to clock(s) sys_clk_pin
Related violations: <none>

TIMING-18#15 Warning
Missing input or output delay  
An input delay is missing on AADDR[22] relative to clock(s) sys_clk_pin
Related violations: <none>

TIMING-18#16 Warning
Missing input or output delay  
An input delay is missing on AADDR[23] relative to clock(s) sys_clk_pin
Related violations: <none>

TIMING-18#17 Warning
Missing input or output delay  
An input delay is missing on AADDR[24] relative to clock(s) sys_clk_pin
Related violations: <none>

TIMING-18#18 Warning
Missing input or output delay  
An input delay is missing on AADDR[25] relative to clock(s) sys_clk_pin
Related violations: <none>

TIMING-18#19 Warning
Missing input or output delay  
An input delay is missing on AADDR[26] relative to clock(s) sys_clk_pin
Related violations: <none>

TIMING-18#20 Warning
Missing input or output delay  
An input delay is missing on AADDR[27] relative to clock(s) sys_clk_pin
Related violations: <none>

TIMING-18#21 Warning
Missing input or output delay  
An input delay is missing on AADDR[28] relative to clock(s) sys_clk_pin
Related violations: <none>

TIMING-18#22 Warning
Missing input or output delay  
An input delay is missing on AADDR[29] relative to clock(s) sys_clk_pin
Related violations: <none>

TIMING-18#23 Warning
Missing input or output delay  
An input delay is missing on AADDR[2] relative to clock(s) sys_clk_pin
Related violations: <none>

TIMING-18#24 Warning
Missing input or output delay  
An input delay is missing on AADDR[30] relative to clock(s) sys_clk_pin
Related violations: <none>

TIMING-18#25 Warning
Missing input or output delay  
An input delay is missing on AADDR[31] relative to clock(s) sys_clk_pin
Related violations: <none>

TIMING-18#26 Warning
Missing input or output delay  
An input delay is missing on AADDR[3] relative to clock(s) sys_clk_pin
Related violations: <none>

TIMING-18#27 Warning
Missing input or output delay  
An input delay is missing on AADDR[4] relative to clock(s) sys_clk_pin
Related violations: <none>

TIMING-18#28 Warning
Missing input or output delay  
An input delay is missing on AADDR[5] relative to clock(s) sys_clk_pin
Related violations: <none>

TIMING-18#29 Warning
Missing input or output delay  
An input delay is missing on AADDR[6] relative to clock(s) sys_clk_pin
Related violations: <none>

TIMING-18#30 Warning
Missing input or output delay  
An input delay is missing on AADDR[7] relative to clock(s) sys_clk_pin
Related violations: <none>

TIMING-18#31 Warning
Missing input or output delay  
An input delay is missing on AADDR[8] relative to clock(s) sys_clk_pin
Related violations: <none>

TIMING-18#32 Warning
Missing input or output delay  
An input delay is missing on AADDR[9] relative to clock(s) sys_clk_pin
Related violations: <none>

TIMING-18#33 Warning
Missing input or output delay  
An input delay is missing on ABURST[0] relative to clock(s) sys_clk_pin
Related violations: <none>

TIMING-18#34 Warning
Missing input or output delay  
An input delay is missing on ABURST[1] relative to clock(s) sys_clk_pin
Related violations: <none>

TIMING-18#35 Warning
Missing input or output delay  
An input delay is missing on ABURST[2] relative to clock(s) sys_clk_pin
Related violations: <none>

TIMING-18#36 Warning
Missing input or output delay  
An input delay is missing on ASIZE[0] relative to clock(s) sys_clk_pin
Related violations: <none>

TIMING-18#37 Warning
Missing input or output delay  
An input delay is missing on ASIZE[1] relative to clock(s) sys_clk_pin
Related violations: <none>

TIMING-18#38 Warning
Missing input or output delay  
An input delay is missing on ASIZE[2] relative to clock(s) sys_clk_pin
Related violations: <none>

TIMING-18#39 Warning
Missing input or output delay  
An input delay is missing on ATRANS[0] relative to clock(s) sys_clk_pin
Related violations: <none>

TIMING-18#40 Warning
Missing input or output delay  
An input delay is missing on ATRANS[1] relative to clock(s) sys_clk_pin
Related violations: <none>

TIMING-18#41 Warning
Missing input or output delay  
An input delay is missing on AWDATA[0] relative to clock(s) sys_clk_pin
Related violations: <none>

TIMING-18#42 Warning
Missing input or output delay  
An input delay is missing on AWDATA[10] relative to clock(s) sys_clk_pin
Related violations: <none>

TIMING-18#43 Warning
Missing input or output delay  
An input delay is missing on AWDATA[11] relative to clock(s) sys_clk_pin
Related violations: <none>

TIMING-18#44 Warning
Missing input or output delay  
An input delay is missing on AWDATA[12] relative to clock(s) sys_clk_pin
Related violations: <none>

TIMING-18#45 Warning
Missing input or output delay  
An input delay is missing on AWDATA[13] relative to clock(s) sys_clk_pin
Related violations: <none>

TIMING-18#46 Warning
Missing input or output delay  
An input delay is missing on AWDATA[14] relative to clock(s) sys_clk_pin
Related violations: <none>

TIMING-18#47 Warning
Missing input or output delay  
An input delay is missing on AWDATA[15] relative to clock(s) sys_clk_pin
Related violations: <none>

TIMING-18#48 Warning
Missing input or output delay  
An input delay is missing on AWDATA[16] relative to clock(s) sys_clk_pin
Related violations: <none>

TIMING-18#49 Warning
Missing input or output delay  
An input delay is missing on AWDATA[17] relative to clock(s) sys_clk_pin
Related violations: <none>

TIMING-18#50 Warning
Missing input or output delay  
An input delay is missing on AWDATA[18] relative to clock(s) sys_clk_pin
Related violations: <none>

TIMING-18#51 Warning
Missing input or output delay  
An input delay is missing on AWDATA[19] relative to clock(s) sys_clk_pin
Related violations: <none>

TIMING-18#52 Warning
Missing input or output delay  
An input delay is missing on AWDATA[1] relative to clock(s) sys_clk_pin
Related violations: <none>

TIMING-18#53 Warning
Missing input or output delay  
An input delay is missing on AWDATA[20] relative to clock(s) sys_clk_pin
Related violations: <none>

TIMING-18#54 Warning
Missing input or output delay  
An input delay is missing on AWDATA[21] relative to clock(s) sys_clk_pin
Related violations: <none>

TIMING-18#55 Warning
Missing input or output delay  
An input delay is missing on AWDATA[22] relative to clock(s) sys_clk_pin
Related violations: <none>

TIMING-18#56 Warning
Missing input or output delay  
An input delay is missing on AWDATA[23] relative to clock(s) sys_clk_pin
Related violations: <none>

TIMING-18#57 Warning
Missing input or output delay  
An input delay is missing on AWDATA[24] relative to clock(s) sys_clk_pin
Related violations: <none>

TIMING-18#58 Warning
Missing input or output delay  
An input delay is missing on AWDATA[25] relative to clock(s) sys_clk_pin
Related violations: <none>

TIMING-18#59 Warning
Missing input or output delay  
An input delay is missing on AWDATA[26] relative to clock(s) sys_clk_pin
Related violations: <none>

TIMING-18#60 Warning
Missing input or output delay  
An input delay is missing on AWDATA[27] relative to clock(s) sys_clk_pin
Related violations: <none>

TIMING-18#61 Warning
Missing input or output delay  
An input delay is missing on AWDATA[28] relative to clock(s) sys_clk_pin
Related violations: <none>

TIMING-18#62 Warning
Missing input or output delay  
An input delay is missing on AWDATA[29] relative to clock(s) sys_clk_pin
Related violations: <none>

TIMING-18#63 Warning
Missing input or output delay  
An input delay is missing on AWDATA[2] relative to clock(s) sys_clk_pin
Related violations: <none>

TIMING-18#64 Warning
Missing input or output delay  
An input delay is missing on AWDATA[30] relative to clock(s) sys_clk_pin
Related violations: <none>

TIMING-18#65 Warning
Missing input or output delay  
An input delay is missing on AWDATA[31] relative to clock(s) sys_clk_pin
Related violations: <none>

TIMING-18#66 Warning
Missing input or output delay  
An input delay is missing on AWDATA[3] relative to clock(s) sys_clk_pin
Related violations: <none>

TIMING-18#67 Warning
Missing input or output delay  
An input delay is missing on AWDATA[4] relative to clock(s) sys_clk_pin
Related violations: <none>

TIMING-18#68 Warning
Missing input or output delay  
An input delay is missing on AWDATA[5] relative to clock(s) sys_clk_pin
Related violations: <none>

TIMING-18#69 Warning
Missing input or output delay  
An input delay is missing on AWDATA[6] relative to clock(s) sys_clk_pin
Related violations: <none>

TIMING-18#70 Warning
Missing input or output delay  
An input delay is missing on AWDATA[7] relative to clock(s) sys_clk_pin
Related violations: <none>

TIMING-18#71 Warning
Missing input or output delay  
An input delay is missing on AWDATA[8] relative to clock(s) sys_clk_pin
Related violations: <none>

TIMING-18#72 Warning
Missing input or output delay  
An input delay is missing on AWDATA[9] relative to clock(s) sys_clk_pin
Related violations: <none>

TIMING-18#73 Warning
Missing input or output delay  
An input delay is missing on AWRITE relative to clock(s) sys_clk_pin
Related violations: <none>

TIMING-18#74 Warning
Missing input or output delay  
An input delay is missing on Burst relative to clock(s) sys_clk_pin
Related violations: <none>

TIMING-18#75 Warning
Missing input or output delay  
An input delay is missing on HRDATA[0] relative to clock(s) sys_clk_pin
Related violations: <none>

TIMING-18#76 Warning
Missing input or output delay  
An input delay is missing on HRDATA[10] relative to clock(s) sys_clk_pin
Related violations: <none>

TIMING-18#77 Warning
Missing input or output delay  
An input delay is missing on HRDATA[11] relative to clock(s) sys_clk_pin
Related violations: <none>

TIMING-18#78 Warning
Missing input or output delay  
An input delay is missing on HRDATA[12] relative to clock(s) sys_clk_pin
Related violations: <none>

TIMING-18#79 Warning
Missing input or output delay  
An input delay is missing on HRDATA[13] relative to clock(s) sys_clk_pin
Related violations: <none>

TIMING-18#80 Warning
Missing input or output delay  
An input delay is missing on HRDATA[14] relative to clock(s) sys_clk_pin
Related violations: <none>

TIMING-18#81 Warning
Missing input or output delay  
An input delay is missing on HRDATA[15] relative to clock(s) sys_clk_pin
Related violations: <none>

TIMING-18#82 Warning
Missing input or output delay  
An input delay is missing on HRDATA[16] relative to clock(s) sys_clk_pin
Related violations: <none>

TIMING-18#83 Warning
Missing input or output delay  
An input delay is missing on HRDATA[17] relative to clock(s) sys_clk_pin
Related violations: <none>

TIMING-18#84 Warning
Missing input or output delay  
An input delay is missing on HRDATA[18] relative to clock(s) sys_clk_pin
Related violations: <none>

TIMING-18#85 Warning
Missing input or output delay  
An input delay is missing on HRDATA[19] relative to clock(s) sys_clk_pin
Related violations: <none>

TIMING-18#86 Warning
Missing input or output delay  
An input delay is missing on HRDATA[1] relative to clock(s) sys_clk_pin
Related violations: <none>

TIMING-18#87 Warning
Missing input or output delay  
An input delay is missing on HRDATA[20] relative to clock(s) sys_clk_pin
Related violations: <none>

TIMING-18#88 Warning
Missing input or output delay  
An input delay is missing on HRDATA[21] relative to clock(s) sys_clk_pin
Related violations: <none>

TIMING-18#89 Warning
Missing input or output delay  
An input delay is missing on HRDATA[22] relative to clock(s) sys_clk_pin
Related violations: <none>

TIMING-18#90 Warning
Missing input or output delay  
An input delay is missing on HRDATA[23] relative to clock(s) sys_clk_pin
Related violations: <none>

TIMING-18#91 Warning
Missing input or output delay  
An input delay is missing on HRDATA[24] relative to clock(s) sys_clk_pin
Related violations: <none>

TIMING-18#92 Warning
Missing input or output delay  
An input delay is missing on HRDATA[25] relative to clock(s) sys_clk_pin
Related violations: <none>

TIMING-18#93 Warning
Missing input or output delay  
An input delay is missing on HRDATA[26] relative to clock(s) sys_clk_pin
Related violations: <none>

TIMING-18#94 Warning
Missing input or output delay  
An input delay is missing on HRDATA[27] relative to clock(s) sys_clk_pin
Related violations: <none>

TIMING-18#95 Warning
Missing input or output delay  
An input delay is missing on HRDATA[28] relative to clock(s) sys_clk_pin
Related violations: <none>

TIMING-18#96 Warning
Missing input or output delay  
An input delay is missing on HRDATA[29] relative to clock(s) sys_clk_pin
Related violations: <none>

TIMING-18#97 Warning
Missing input or output delay  
An input delay is missing on HRDATA[2] relative to clock(s) sys_clk_pin
Related violations: <none>

TIMING-18#98 Warning
Missing input or output delay  
An input delay is missing on HRDATA[30] relative to clock(s) sys_clk_pin
Related violations: <none>

TIMING-18#99 Warning
Missing input or output delay  
An input delay is missing on HRDATA[31] relative to clock(s) sys_clk_pin
Related violations: <none>

TIMING-18#100 Warning
Missing input or output delay  
An input delay is missing on HRDATA[3] relative to clock(s) sys_clk_pin
Related violations: <none>

TIMING-18#101 Warning
Missing input or output delay  
An input delay is missing on HRDATA[4] relative to clock(s) sys_clk_pin
Related violations: <none>

TIMING-18#102 Warning
Missing input or output delay  
An input delay is missing on HRDATA[5] relative to clock(s) sys_clk_pin
Related violations: <none>

TIMING-18#103 Warning
Missing input or output delay  
An input delay is missing on HRDATA[6] relative to clock(s) sys_clk_pin
Related violations: <none>

TIMING-18#104 Warning
Missing input or output delay  
An input delay is missing on HRDATA[7] relative to clock(s) sys_clk_pin
Related violations: <none>

TIMING-18#105 Warning
Missing input or output delay  
An input delay is missing on HRDATA[8] relative to clock(s) sys_clk_pin
Related violations: <none>

TIMING-18#106 Warning
Missing input or output delay  
An input delay is missing on HRDATA[9] relative to clock(s) sys_clk_pin
Related violations: <none>

TIMING-18#107 Warning
Missing input or output delay  
An input delay is missing on HREADY relative to clock(s) sys_clk_pin
Related violations: <none>

TIMING-18#108 Warning
Missing input or output delay  
An input delay is missing on HRESETn relative to clock(s) sys_clk_pin
Related violations: <none>

TIMING-18#109 Warning
Missing input or output delay  
An input delay is missing on start relative to clock(s) sys_clk_pin
Related violations: <none>

TIMING-18#110 Warning
Missing input or output delay  
An output delay is missing on ARDATA[0] relative to clock(s) sys_clk_pin
Related violations: <none>

TIMING-18#111 Warning
Missing input or output delay  
An output delay is missing on ARDATA[10] relative to clock(s) sys_clk_pin
Related violations: <none>

TIMING-18#112 Warning
Missing input or output delay  
An output delay is missing on ARDATA[11] relative to clock(s) sys_clk_pin
Related violations: <none>

TIMING-18#113 Warning
Missing input or output delay  
An output delay is missing on ARDATA[12] relative to clock(s) sys_clk_pin
Related violations: <none>

TIMING-18#114 Warning
Missing input or output delay  
An output delay is missing on ARDATA[13] relative to clock(s) sys_clk_pin
Related violations: <none>

TIMING-18#115 Warning
Missing input or output delay  
An output delay is missing on ARDATA[14] relative to clock(s) sys_clk_pin
Related violations: <none>

TIMING-18#116 Warning
Missing input or output delay  
An output delay is missing on ARDATA[15] relative to clock(s) sys_clk_pin
Related violations: <none>

TIMING-18#117 Warning
Missing input or output delay  
An output delay is missing on ARDATA[16] relative to clock(s) sys_clk_pin
Related violations: <none>

TIMING-18#118 Warning
Missing input or output delay  
An output delay is missing on ARDATA[17] relative to clock(s) sys_clk_pin
Related violations: <none>

TIMING-18#119 Warning
Missing input or output delay  
An output delay is missing on ARDATA[18] relative to clock(s) sys_clk_pin
Related violations: <none>

TIMING-18#120 Warning
Missing input or output delay  
An output delay is missing on ARDATA[19] relative to clock(s) sys_clk_pin
Related violations: <none>

TIMING-18#121 Warning
Missing input or output delay  
An output delay is missing on ARDATA[1] relative to clock(s) sys_clk_pin
Related violations: <none>

TIMING-18#122 Warning
Missing input or output delay  
An output delay is missing on ARDATA[20] relative to clock(s) sys_clk_pin
Related violations: <none>

TIMING-18#123 Warning
Missing input or output delay  
An output delay is missing on ARDATA[21] relative to clock(s) sys_clk_pin
Related violations: <none>

TIMING-18#124 Warning
Missing input or output delay  
An output delay is missing on ARDATA[22] relative to clock(s) sys_clk_pin
Related violations: <none>

TIMING-18#125 Warning
Missing input or output delay  
An output delay is missing on ARDATA[23] relative to clock(s) sys_clk_pin
Related violations: <none>

TIMING-18#126 Warning
Missing input or output delay  
An output delay is missing on ARDATA[24] relative to clock(s) sys_clk_pin
Related violations: <none>

TIMING-18#127 Warning
Missing input or output delay  
An output delay is missing on ARDATA[25] relative to clock(s) sys_clk_pin
Related violations: <none>

TIMING-18#128 Warning
Missing input or output delay  
An output delay is missing on ARDATA[26] relative to clock(s) sys_clk_pin
Related violations: <none>

TIMING-18#129 Warning
Missing input or output delay  
An output delay is missing on ARDATA[27] relative to clock(s) sys_clk_pin
Related violations: <none>

TIMING-18#130 Warning
Missing input or output delay  
An output delay is missing on ARDATA[28] relative to clock(s) sys_clk_pin
Related violations: <none>

TIMING-18#131 Warning
Missing input or output delay  
An output delay is missing on ARDATA[29] relative to clock(s) sys_clk_pin
Related violations: <none>

TIMING-18#132 Warning
Missing input or output delay  
An output delay is missing on ARDATA[2] relative to clock(s) sys_clk_pin
Related violations: <none>

TIMING-18#133 Warning
Missing input or output delay  
An output delay is missing on ARDATA[30] relative to clock(s) sys_clk_pin
Related violations: <none>

TIMING-18#134 Warning
Missing input or output delay  
An output delay is missing on ARDATA[31] relative to clock(s) sys_clk_pin
Related violations: <none>

TIMING-18#135 Warning
Missing input or output delay  
An output delay is missing on ARDATA[3] relative to clock(s) sys_clk_pin
Related violations: <none>

TIMING-18#136 Warning
Missing input or output delay  
An output delay is missing on ARDATA[4] relative to clock(s) sys_clk_pin
Related violations: <none>

TIMING-18#137 Warning
Missing input or output delay  
An output delay is missing on ARDATA[5] relative to clock(s) sys_clk_pin
Related violations: <none>

TIMING-18#138 Warning
Missing input or output delay  
An output delay is missing on ARDATA[6] relative to clock(s) sys_clk_pin
Related violations: <none>

TIMING-18#139 Warning
Missing input or output delay  
An output delay is missing on ARDATA[7] relative to clock(s) sys_clk_pin
Related violations: <none>

TIMING-18#140 Warning
Missing input or output delay  
An output delay is missing on ARDATA[8] relative to clock(s) sys_clk_pin
Related violations: <none>

TIMING-18#141 Warning
Missing input or output delay  
An output delay is missing on ARDATA[9] relative to clock(s) sys_clk_pin
Related violations: <none>

TIMING-18#142 Warning
Missing input or output delay  
An output delay is missing on HADDR[0] relative to clock(s) sys_clk_pin
Related violations: <none>

TIMING-18#143 Warning
Missing input or output delay  
An output delay is missing on HADDR[10] relative to clock(s) sys_clk_pin
Related violations: <none>

TIMING-18#144 Warning
Missing input or output delay  
An output delay is missing on HADDR[11] relative to clock(s) sys_clk_pin
Related violations: <none>

TIMING-18#145 Warning
Missing input or output delay  
An output delay is missing on HADDR[12] relative to clock(s) sys_clk_pin
Related violations: <none>

TIMING-18#146 Warning
Missing input or output delay  
An output delay is missing on HADDR[13] relative to clock(s) sys_clk_pin
Related violations: <none>

TIMING-18#147 Warning
Missing input or output delay  
An output delay is missing on HADDR[14] relative to clock(s) sys_clk_pin
Related violations: <none>

TIMING-18#148 Warning
Missing input or output delay  
An output delay is missing on HADDR[15] relative to clock(s) sys_clk_pin
Related violations: <none>

TIMING-18#149 Warning
Missing input or output delay  
An output delay is missing on HADDR[16] relative to clock(s) sys_clk_pin
Related violations: <none>

TIMING-18#150 Warning
Missing input or output delay  
An output delay is missing on HADDR[17] relative to clock(s) sys_clk_pin
Related violations: <none>

TIMING-18#151 Warning
Missing input or output delay  
An output delay is missing on HADDR[18] relative to clock(s) sys_clk_pin
Related violations: <none>

TIMING-18#152 Warning
Missing input or output delay  
An output delay is missing on HADDR[19] relative to clock(s) sys_clk_pin
Related violations: <none>

TIMING-18#153 Warning
Missing input or output delay  
An output delay is missing on HADDR[1] relative to clock(s) sys_clk_pin
Related violations: <none>

TIMING-18#154 Warning
Missing input or output delay  
An output delay is missing on HADDR[20] relative to clock(s) sys_clk_pin
Related violations: <none>

TIMING-18#155 Warning
Missing input or output delay  
An output delay is missing on HADDR[21] relative to clock(s) sys_clk_pin
Related violations: <none>

TIMING-18#156 Warning
Missing input or output delay  
An output delay is missing on HADDR[22] relative to clock(s) sys_clk_pin
Related violations: <none>

TIMING-18#157 Warning
Missing input or output delay  
An output delay is missing on HADDR[23] relative to clock(s) sys_clk_pin
Related violations: <none>

TIMING-18#158 Warning
Missing input or output delay  
An output delay is missing on HADDR[24] relative to clock(s) sys_clk_pin
Related violations: <none>

TIMING-18#159 Warning
Missing input or output delay  
An output delay is missing on HADDR[25] relative to clock(s) sys_clk_pin
Related violations: <none>

TIMING-18#160 Warning
Missing input or output delay  
An output delay is missing on HADDR[26] relative to clock(s) sys_clk_pin
Related violations: <none>

TIMING-18#161 Warning
Missing input or output delay  
An output delay is missing on HADDR[27] relative to clock(s) sys_clk_pin
Related violations: <none>

TIMING-18#162 Warning
Missing input or output delay  
An output delay is missing on HADDR[28] relative to clock(s) sys_clk_pin
Related violations: <none>

TIMING-18#163 Warning
Missing input or output delay  
An output delay is missing on HADDR[29] relative to clock(s) sys_clk_pin
Related violations: <none>

TIMING-18#164 Warning
Missing input or output delay  
An output delay is missing on HADDR[2] relative to clock(s) sys_clk_pin
Related violations: <none>

TIMING-18#165 Warning
Missing input or output delay  
An output delay is missing on HADDR[30] relative to clock(s) sys_clk_pin
Related violations: <none>

TIMING-18#166 Warning
Missing input or output delay  
An output delay is missing on HADDR[31] relative to clock(s) sys_clk_pin
Related violations: <none>

TIMING-18#167 Warning
Missing input or output delay  
An output delay is missing on HADDR[3] relative to clock(s) sys_clk_pin
Related violations: <none>

TIMING-18#168 Warning
Missing input or output delay  
An output delay is missing on HADDR[4] relative to clock(s) sys_clk_pin
Related violations: <none>

TIMING-18#169 Warning
Missing input or output delay  
An output delay is missing on HADDR[5] relative to clock(s) sys_clk_pin
Related violations: <none>

TIMING-18#170 Warning
Missing input or output delay  
An output delay is missing on HADDR[6] relative to clock(s) sys_clk_pin
Related violations: <none>

TIMING-18#171 Warning
Missing input or output delay  
An output delay is missing on HADDR[7] relative to clock(s) sys_clk_pin
Related violations: <none>

TIMING-18#172 Warning
Missing input or output delay  
An output delay is missing on HADDR[8] relative to clock(s) sys_clk_pin
Related violations: <none>

TIMING-18#173 Warning
Missing input or output delay  
An output delay is missing on HADDR[9] relative to clock(s) sys_clk_pin
Related violations: <none>

TIMING-18#174 Warning
Missing input or output delay  
An output delay is missing on HBURST[0] relative to clock(s) sys_clk_pin
Related violations: <none>

TIMING-18#175 Warning
Missing input or output delay  
An output delay is missing on HBURST[1] relative to clock(s) sys_clk_pin
Related violations: <none>

TIMING-18#176 Warning
Missing input or output delay  
An output delay is missing on HBURST[2] relative to clock(s) sys_clk_pin
Related violations: <none>

TIMING-18#177 Warning
Missing input or output delay  
An output delay is missing on HSIZE[0] relative to clock(s) sys_clk_pin
Related violations: <none>

TIMING-18#178 Warning
Missing input or output delay  
An output delay is missing on HSIZE[1] relative to clock(s) sys_clk_pin
Related violations: <none>

TIMING-18#179 Warning
Missing input or output delay  
An output delay is missing on HSIZE[2] relative to clock(s) sys_clk_pin
Related violations: <none>

TIMING-18#180 Warning
Missing input or output delay  
An output delay is missing on HTRANS[0] relative to clock(s) sys_clk_pin
Related violations: <none>

TIMING-18#181 Warning
Missing input or output delay  
An output delay is missing on HTRANS[1] relative to clock(s) sys_clk_pin
Related violations: <none>

TIMING-18#182 Warning
Missing input or output delay  
An output delay is missing on HWDATA[0] relative to clock(s) sys_clk_pin
Related violations: <none>

TIMING-18#183 Warning
Missing input or output delay  
An output delay is missing on HWDATA[10] relative to clock(s) sys_clk_pin
Related violations: <none>

TIMING-18#184 Warning
Missing input or output delay  
An output delay is missing on HWDATA[11] relative to clock(s) sys_clk_pin
Related violations: <none>

TIMING-18#185 Warning
Missing input or output delay  
An output delay is missing on HWDATA[12] relative to clock(s) sys_clk_pin
Related violations: <none>

TIMING-18#186 Warning
Missing input or output delay  
An output delay is missing on HWDATA[13] relative to clock(s) sys_clk_pin
Related violations: <none>

TIMING-18#187 Warning
Missing input or output delay  
An output delay is missing on HWDATA[14] relative to clock(s) sys_clk_pin
Related violations: <none>

TIMING-18#188 Warning
Missing input or output delay  
An output delay is missing on HWDATA[15] relative to clock(s) sys_clk_pin
Related violations: <none>

TIMING-18#189 Warning
Missing input or output delay  
An output delay is missing on HWDATA[16] relative to clock(s) sys_clk_pin
Related violations: <none>

TIMING-18#190 Warning
Missing input or output delay  
An output delay is missing on HWDATA[17] relative to clock(s) sys_clk_pin
Related violations: <none>

TIMING-18#191 Warning
Missing input or output delay  
An output delay is missing on HWDATA[18] relative to clock(s) sys_clk_pin
Related violations: <none>

TIMING-18#192 Warning
Missing input or output delay  
An output delay is missing on HWDATA[19] relative to clock(s) sys_clk_pin
Related violations: <none>

TIMING-18#193 Warning
Missing input or output delay  
An output delay is missing on HWDATA[1] relative to clock(s) sys_clk_pin
Related violations: <none>

TIMING-18#194 Warning
Missing input or output delay  
An output delay is missing on HWDATA[20] relative to clock(s) sys_clk_pin
Related violations: <none>

TIMING-18#195 Warning
Missing input or output delay  
An output delay is missing on HWDATA[21] relative to clock(s) sys_clk_pin
Related violations: <none>

TIMING-18#196 Warning
Missing input or output delay  
An output delay is missing on HWDATA[22] relative to clock(s) sys_clk_pin
Related violations: <none>

TIMING-18#197 Warning
Missing input or output delay  
An output delay is missing on HWDATA[23] relative to clock(s) sys_clk_pin
Related violations: <none>

TIMING-18#198 Warning
Missing input or output delay  
An output delay is missing on HWDATA[24] relative to clock(s) sys_clk_pin
Related violations: <none>

TIMING-18#199 Warning
Missing input or output delay  
An output delay is missing on HWDATA[25] relative to clock(s) sys_clk_pin
Related violations: <none>

TIMING-18#200 Warning
Missing input or output delay  
An output delay is missing on HWDATA[26] relative to clock(s) sys_clk_pin
Related violations: <none>

TIMING-18#201 Warning
Missing input or output delay  
An output delay is missing on HWDATA[27] relative to clock(s) sys_clk_pin
Related violations: <none>

TIMING-18#202 Warning
Missing input or output delay  
An output delay is missing on HWDATA[28] relative to clock(s) sys_clk_pin
Related violations: <none>

TIMING-18#203 Warning
Missing input or output delay  
An output delay is missing on HWDATA[29] relative to clock(s) sys_clk_pin
Related violations: <none>

TIMING-18#204 Warning
Missing input or output delay  
An output delay is missing on HWDATA[2] relative to clock(s) sys_clk_pin
Related violations: <none>

TIMING-18#205 Warning
Missing input or output delay  
An output delay is missing on HWDATA[30] relative to clock(s) sys_clk_pin
Related violations: <none>

TIMING-18#206 Warning
Missing input or output delay  
An output delay is missing on HWDATA[31] relative to clock(s) sys_clk_pin
Related violations: <none>

TIMING-18#207 Warning
Missing input or output delay  
An output delay is missing on HWDATA[3] relative to clock(s) sys_clk_pin
Related violations: <none>

TIMING-18#208 Warning
Missing input or output delay  
An output delay is missing on HWDATA[4] relative to clock(s) sys_clk_pin
Related violations: <none>

TIMING-18#209 Warning
Missing input or output delay  
An output delay is missing on HWDATA[5] relative to clock(s) sys_clk_pin
Related violations: <none>

TIMING-18#210 Warning
Missing input or output delay  
An output delay is missing on HWDATA[6] relative to clock(s) sys_clk_pin
Related violations: <none>

TIMING-18#211 Warning
Missing input or output delay  
An output delay is missing on HWDATA[7] relative to clock(s) sys_clk_pin
Related violations: <none>

TIMING-18#212 Warning
Missing input or output delay  
An output delay is missing on HWDATA[8] relative to clock(s) sys_clk_pin
Related violations: <none>

TIMING-18#213 Warning
Missing input or output delay  
An output delay is missing on HWDATA[9] relative to clock(s) sys_clk_pin
Related violations: <none>

TIMING-18#214 Warning
Missing input or output delay  
An output delay is missing on HWRITE relative to clock(s) sys_clk_pin
Related violations: <none>

TIMING-18#215 Warning
Missing input or output delay  
An output delay is missing on hold relative to clock(s) sys_clk_pin
Related violations: <none>

TIMING-20#1 Warning
Non-clocked latch  
The latch FSM_sequential_ns_reg[0] cannot be properly analyzed as its control pin FSM_sequential_ns_reg[0]/G is not reached by a timing clock
Related violations: <none>

TIMING-20#2 Warning
Non-clocked latch  
The latch FSM_sequential_ns_reg[1] cannot be properly analyzed as its control pin FSM_sequential_ns_reg[1]/G is not reached by a timing clock
Related violations: <none>


